Build started 9/28/2015 5:04:13 AM.
     1>Project "C:\Users\ycho\Documents\Visual Studio 2015\Projects\PuzzleMaker\Win32Project7\Win32Project7.vcxproj" on node 2 (Build target(s)).
     1>ClCompile:
         C:\Program Files (x86)\Microsoft Visual Studio 14.0\VC\bin\CL.exe /c /ZI /nologo /W3 /WX- /sdl /Od /Oy- /D WIN32 /D _DEBUG /D _WINDOWS /D _UNICODE /D UNICODE /Gm /EHsc /RTC1 /MDd /GS /fp:precise /Zc:wchar_t /Zc:forScope /Zc:inline /Fo"Debug\\" /Fd"Debug\vc140.pdb" /Gd /TP /analyze- /errorReport:prompt Board.cpp Piece.cpp Source.cpp
         Source.cpp
     1>c:\users\ycho\documents\visual studio 2015\projects\puzzlemaker\win32project7\piece.h(65): warning C4244: 'return': conversion from 'float' to 'int', possible loss of data
         Piece.cpp
     1>c:\users\ycho\documents\visual studio 2015\projects\puzzlemaker\win32project7\piece.h(65): warning C4244: 'return': conversion from 'float' to 'int', possible loss of data
     1>c:\users\ycho\documents\visual studio 2015\projects\puzzlemaker\win32project7\piece.cpp(45): warning C4244: 'argument': conversion from 'float' to 'int', possible loss of data
     1>c:\users\ycho\documents\visual studio 2015\projects\puzzlemaker\win32project7\piece.cpp(49): warning C4244: 'argument': conversion from 'float' to 'int', possible loss of data
     1>c:\users\ycho\documents\visual studio 2015\projects\puzzlemaker\win32project7\piece.cpp(70): warning C4244: 'argument': conversion from 'float' to 'int', possible loss of data
     1>c:\users\ycho\documents\visual studio 2015\projects\puzzlemaker\win32project7\piece.cpp(83): warning C4244: 'argument': conversion from 'float' to 'int', possible loss of data
     1>c:\users\ycho\documents\visual studio 2015\projects\puzzlemaker\win32project7\piece.cpp(85): warning C4244: 'argument': conversion from 'float' to 'int', possible loss of data
     1>c:\users\ycho\documents\visual studio 2015\projects\puzzlemaker\win32project7\piece.cpp(89): warning C4244: 'argument': conversion from 'float' to 'int', possible loss of data
     1>c:\users\ycho\documents\visual studio 2015\projects\puzzlemaker\win32project7\piece.cpp(92): warning C4244: 'argument': conversion from 'float' to 'int', possible loss of data
     1>c:\users\ycho\documents\visual studio 2015\projects\puzzlemaker\win32project7\piece.cpp(95): warning C4244: 'argument': conversion from 'float' to 'int', possible loss of data
     1>c:\users\ycho\documents\visual studio 2015\projects\puzzlemaker\win32project7\piece.cpp(99): warning C4244: '=': conversion from 'float' to 'int', possible loss of data
     1>c:\users\ycho\documents\visual studio 2015\projects\puzzlemaker\win32project7\piece.cpp(100): warning C4244: '=': conversion from 'float' to 'int', possible loss of data
     1>c:\users\ycho\documents\visual studio 2015\projects\puzzlemaker\win32project7\piece.cpp(145): warning C4244: 'argument': conversion from 'float' to 'int', possible loss of data
     1>c:\users\ycho\documents\visual studio 2015\projects\puzzlemaker\win32project7\piece.cpp(153): warning C4244: 'initializing': conversion from 'int' to 'float', possible loss of data
     1>c:\users\ycho\documents\visual studio 2015\projects\puzzlemaker\win32project7\piece.cpp(175): warning C4244: 'argument': conversion from 'float' to 'int', possible loss of data
     1>c:\users\ycho\documents\visual studio 2015\projects\puzzlemaker\win32project7\piece.cpp(177): warning C4244: 'argument': conversion from 'float' to 'int', possible loss of data
     1>c:\users\ycho\documents\visual studio 2015\projects\puzzlemaker\win32project7\piece.cpp(180): warning C4244: 'argument': conversion from 'float' to 'int', possible loss of data
     1>c:\users\ycho\documents\visual studio 2015\projects\puzzlemaker\win32project7\piece.cpp(182): warning C4244: 'argument': conversion from 'float' to 'int', possible loss of data
         Board.cpp
     1>c:\users\ycho\documents\visual studio 2015\projects\puzzlemaker\win32project7\piece.h(65): warning C4244: 'return': conversion from 'float' to 'int', possible loss of data
         Generating Code...
       Link:
         C:\Program Files (x86)\Microsoft Visual Studio 14.0\VC\bin\link.exe /ERRORREPORT:PROMPT /OUT:"C:\Users\ycho\Documents\Visual Studio 2015\Projects\PuzzleMaker\Debug\Win32Project7.exe" /INCREMENTAL /NOLOGO kernel32.lib user32.lib gdi32.lib winspool.lib comdlg32.lib advapi32.lib shell32.lib ole32.lib oleaut32.lib uuid.lib odbc32.lib odbccp32.lib /MANIFEST /MANIFESTUAC:"level='asInvoker' uiAccess='false'" /manifest:embed /Debug /PDB:"C:\Users\ycho\Documents\Visual Studio 2015\Projects\PuzzleMaker\Debug\Win32Project7.pdb" /SUBSYSTEM:WINDOWS /TLBID:1 /DYNAMICBASE /NXCOMPAT /IMPLIB:"C:\Users\ycho\Documents\Visual Studio 2015\Projects\PuzzleMaker\Debug\Win32Project7.lib" /MACHINE:X86 Debug\Win32Project7.res
         Debug\BaseImage.obj
         Debug\Board.obj
         Debug\Dialog.obj
         Debug\Piece.obj
         Debug\Source.obj
         Win32Project7.vcxproj -> C:\Users\ycho\Documents\Visual Studio 2015\Projects\PuzzleMaker\Debug\Win32Project7.exe
     1>Done Building Project "C:\Users\ycho\Documents\Visual Studio 2015\Projects\PuzzleMaker\Win32Project7\Win32Project7.vcxproj" (Build target(s)).

Build succeeded.

Time Elapsed 00:00:06.38
